Arguments: 
  C:\Program Files\nodejs\node.exe C:\Users\DELL\AppData\Roaming\npm\node_modules\yarn\bin\yarn.js add node

PATH: 
  C:\Windows\system32;C:\Windows;C:\Windows\System32\Wbem;C:\Windows\System32\WindowsPowerShell\v1.0\;C:\Windows\System32\OpenSSH\;C:\Program Files\nodejs\;C:\Program Files\Git\cmd;C:\Users\DELL\AppData\Local\Microsoft\WindowsApps;;C:\Users\DELL\AppData\Local\Programs\Microsoft VS Code\bin;C:\Users\DELL\AppData\Roaming\npm;C:\Program Files\heroku\bin

Yarn version: 
  1.22.10

Node version: 
  14.15.5

Platform: 
  win32 x64

Trace: 
  Error: connect ENETUNREACH 104.16.23.35:443
      at TCPConnectWrap.afterConnect [as oncomplete] (net.js:1146:16)

npm manifest: 
  {
    "name": "indecision-app",
    "version": "1.0.0",
    "main": "index.js",
    "license": "MIT",
    "scripts": {
      "server": "live-server public/",
      "build": "webpack --mode=development ",
      "dev-server": "webpack serve --mode development",
      "start": "node server/server.js",
      "heroku-postbuild": "yarn run prod",
      "prod":"webpack --mode production"
    },
    "dependencies": {
      "@babel/core": "^7.14.6",
      "@babel/preset-env": "^7.14.5",
      "@babel/preset-react": "^7.14.5",
      "add": "^2.0.6",
      "babel": "^6.23.0",
      "babel-cli": "^6.26.0",
      "babel-loader": "^8.2.2",
      "babel-plugin-transform-class-properties": "^6.24.1",
      "css-loader": "^5.2.6",
      "live-server": "^1.2.1",
      "node-sass": "^6.0.0",
      "normalize.css": "^8.0.1",
      "react": "^17.0.2",
      "react-dom": "^17.0.2",
      "react-modal": "^3.14.3",
      "sass-loader": "^12.1.0",
      "style-loader": "^2.0.0",
      "validator": "^13.6.0",
      "webpack": "^5.39.1",
      "webpack-dev-server": "^3.11.2",
      "yarn": "^1.22.10"
    },
    "devDependencies": {
      "webpack-cli": "^4.7.2"
    }
  }

yarn manifest: 
  No manifest

Lockfile: 
  No lockfile
